From github.com:NCAR/intake-esm-datastore
 * branch            master     -> FETCH_HEAD
Trim Trailing Whitespace.................................................Passed
Fix End of Files.........................................................Passed
Check docstring is first.............................(no files to check)Skipped
Check JSON...............................................................Passed
Check Yaml...........................................(no files to check)Skipped
Fix double quoted strings............................(no files to check)Skipped
black................................................(no files to check)Skipped
Flake8...............................................(no files to check)Skipped
seed isort known_third_party.............................................Passed
isort................................................(no files to check)Skipped
prettier.................................................................Passed
To github.com:NCAR/intake-esm-datastore.git
   d9e62d6..55a3c71  master -> master
From github.com:NCAR/intake-esm-datastore
 * branch            master     -> FETCH_HEAD
Trim Trailing Whitespace.................................................Passed
Fix End of Files.........................................................Passed
Check docstring is first.............................(no files to check)Skipped
Check JSON...............................................................Passed
Check Yaml...........................................(no files to check)Skipped
Fix double quoted strings............................(no files to check)Skipped
black................................................(no files to check)Skipped
Flake8...............................................(no files to check)Skipped
seed isort known_third_party.............................................Passed
isort................................................(no files to check)Skipped
prettier.................................................................Passed
To github.com:NCAR/intake-esm-datastore.git
   55a3c71..e0853ec  master -> master
From github.com:NCAR/intake-esm-datastore
 * branch            master     -> FETCH_HEAD
Trim Trailing Whitespace.................................................Passed
Fix End of Files.........................................................Passed
Check docstring is first.............................(no files to check)Skipped
Check JSON...............................................................Passed
Check Yaml...........................................(no files to check)Skipped
Fix double quoted strings............................(no files to check)Skipped
black................................................(no files to check)Skipped
Flake8...............................................(no files to check)Skipped
seed isort known_third_party.............................................Passed
isort................................................(no files to check)Skipped
prettier.................................................................Passed
To github.com:NCAR/intake-esm-datastore.git
   e0853ec..f24e6a6  master -> master
From github.com:NCAR/intake-esm-datastore
 * branch            master     -> FETCH_HEAD
Trim Trailing Whitespace.................................................Passed
Fix End of Files.........................................................Passed
Check docstring is first.............................(no files to check)Skipped
Check JSON...............................................................Passed
Check Yaml...........................................(no files to check)Skipped
Fix double quoted strings............................(no files to check)Skipped
black................................................(no files to check)Skipped
Flake8...............................................(no files to check)Skipped
seed isort known_third_party.............................................Passed
isort................................................(no files to check)Skipped
prettier.................................................................Passed
To github.com:NCAR/intake-esm-datastore.git
   f24e6a6..21e5bd8  master -> master
From github.com:NCAR/intake-esm-datastore
 * branch            master     -> FETCH_HEAD
Trim Trailing Whitespace.................................................Passed
Fix End of Files.........................................................Passed
Check docstring is first.............................(no files to check)Skipped
Check JSON...............................................................Passed
Check Yaml...........................................(no files to check)Skipped
Fix double quoted strings............................(no files to check)Skipped
black................................................(no files to check)Skipped
Flake8...............................................(no files to check)Skipped
seed isort known_third_party.............................................Passed
isort................................................(no files to check)Skipped
prettier.................................................................Passed
To github.com:NCAR/intake-esm-datastore.git
   21e5bd8..19c028f  master -> master
From github.com:NCAR/intake-esm-datastore
 * branch            master     -> FETCH_HEAD
Trim Trailing Whitespace.................................................Passed
Fix End of Files.........................................................Passed
Check docstring is first.............................(no files to check)Skipped
Check JSON...............................................................Passed
Check Yaml...........................................(no files to check)Skipped
Fix double quoted strings............................(no files to check)Skipped
black................................................(no files to check)Skipped
Flake8...............................................(no files to check)Skipped
seed isort known_third_party.............................................Passed
isort................................................(no files to check)Skipped
prettier.................................................................Passed
To github.com:NCAR/intake-esm-datastore.git
   19c028f..4fdea82  master -> master
From github.com:NCAR/intake-esm-datastore
 * branch            master     -> FETCH_HEAD
Trim Trailing Whitespace.................................................Passed
Fix End of Files.........................................................Passed
Check docstring is first.............................(no files to check)Skipped
Check JSON...............................................................Passed
Check Yaml...........................................(no files to check)Skipped
Fix double quoted strings............................(no files to check)Skipped
black................................................(no files to check)Skipped
Flake8...............................................(no files to check)Skipped
seed isort known_third_party.............................................Passed
isort................................................(no files to check)Skipped
prettier.................................................................Passed
To github.com:NCAR/intake-esm-datastore.git
   4fdea82..daf5050  master -> master
From github.com:NCAR/intake-esm-datastore
 * branch            master     -> FETCH_HEAD
Trim Trailing Whitespace.................................................Passed
Fix End of Files.........................................................Passed
Check docstring is first.............................(no files to check)Skipped
Check JSON...............................................................Passed
Check Yaml...........................................(no files to check)Skipped
Fix double quoted strings............................(no files to check)Skipped
black................................................(no files to check)Skipped
Flake8...............................................(no files to check)Skipped
seed isort known_third_party.............................................Passed
isort................................................(no files to check)Skipped
prettier.................................................................Passed
To github.com:NCAR/intake-esm-datastore.git
   daf5050..57e1619  master -> master
From github.com:NCAR/intake-esm-datastore
 * branch            master     -> FETCH_HEAD
Trim Trailing Whitespace.................................................Passed
Fix End of Files.........................................................Passed
Check docstring is first.............................(no files to check)Skipped
Check JSON...............................................................Passed
Check Yaml...........................................(no files to check)Skipped
Fix double quoted strings............................(no files to check)Skipped
black................................................(no files to check)Skipped
Flake8...............................................(no files to check)Skipped
seed isort known_third_party.............................................Passed
isort................................................(no files to check)Skipped
prettier.................................................................Passed
To github.com:NCAR/intake-esm-datastore.git
   57e1619..3b41158  master -> master
From github.com:NCAR/intake-esm-datastore
 * branch            master     -> FETCH_HEAD
Trim Trailing Whitespace.................................................Passed
Fix End of Files.........................................................Passed
Check docstring is first.............................(no files to check)Skipped
Check JSON...............................................................Passed
Check Yaml...........................................(no files to check)Skipped
Fix double quoted strings............................(no files to check)Skipped
black................................................(no files to check)Skipped
Flake8...............................................(no files to check)Skipped
seed isort known_third_party.............................................Passed
isort................................................(no files to check)Skipped
prettier.................................................................Passed
To github.com:NCAR/intake-esm-datastore.git
   3b41158..c5dd409  master -> master
From github.com:NCAR/intake-esm-datastore
 * branch            master     -> FETCH_HEAD
Trim Trailing Whitespace.................................................Passed
Fix End of Files.........................................................Passed
Check docstring is first.............................(no files to check)Skipped
Check JSON...............................................................Passed
Check Yaml...........................................(no files to check)Skipped
Fix double quoted strings............................(no files to check)Skipped
black................................................(no files to check)Skipped
Flake8...............................................(no files to check)Skipped
seed isort known_third_party.............................................Passed
isort................................................(no files to check)Skipped
prettier.................................................................Passed
To github.com:NCAR/intake-esm-datastore.git
   c5dd409..be0b4c7  master -> master
